Arguments: 
  /usr/local/Cellar/node/13.8.0/bin/node /usr/local/bin/yarn

PATH: 
  /Users/mikehacker/.rbenv/shims:/Users/mikehacker/.rbenv/bin:/usr/local/bin:/usr/bin:/bin:/usr/sbin:/sbin

Yarn version: 
  1.22.0

Node version: 
  13.8.0

Platform: 
  darwin x64

Trace: 
  SyntaxError: /Users/mikehacker/_dev/assessments/ignite-sales/light-switch-project/package.json: Unexpected token } in JSON at position 421
      at JSON.parse (<anonymous>)
      at /usr/local/lib/node_modules/yarn/lib/cli.js:1625:59
      at Generator.next (<anonymous>)
      at step (/usr/local/lib/node_modules/yarn/lib/cli.js:310:30)
      at /usr/local/lib/node_modules/yarn/lib/cli.js:321:13

npm manifest: 
  {
    "name": "react-js-lightswitch",
    "version": "1.0.0",
    "description": "Light Switch Project for Ignite Sales",
    "main": "index.js",
    "scripts": {
      "dev": "webpack-dev-server",
      "prod": "webpack"
    },
    "babel": {
      "presets": [
        "@babel/preset-env",
        "@babel/preset-react"
      ]
    },
    "repository": {
      "type": "git",
      "url": "git+https://github.com/desertsofcacti/react-js-lightswitch",
    },
    "keywords": [],
    "author": "Mike Hacker",
    "license": "ISC",
    "dependencies": {
      "react": "^16.13.0",
      "react-dom": "^16.13.0"
    },
    "devDependencies": {
      "@babel/core": "^7.8.7",
      "@babel/preset-env": "^7.8.7",
      "@babel/preset-react": "^7.8.3",
      "babel-loader": "^8.0.6",
      "css-loader": "^3.4.2",
      "html-webpack-plugin": "^3.2.0",
      "style-loader": "^1.1.3",
      "webpack": "^4.42.0",
      "webpack-cli": "^3.3.11",
      "webpack-dev-server": "^3.10.3"
    }
  }

yarn manifest: 
  No manifest

Lockfile: 
  No lockfile
